[2025-09-22T15:53:18.361Z] ==================================================
[2025-09-22T15:53:18.371Z] STARTING EMERGENCY MIGRATION ROLLBACK
[2025-09-22T15:53:18.378Z] ==================================================
[2025-09-22T15:53:18.379Z] Checking environment configuration...
[2025-09-22T15:53:18.379Z] ERROR: Missing required environment variables: SUPABASE_URL, SUPABASE_SERVICE_ROLE_KEY
[2025-09-22T16:30:46.152Z] ==================================================
[2025-09-22T16:30:46.158Z] STARTING EMERGENCY MIGRATION ROLLBACK
[2025-09-22T16:30:46.161Z] ==================================================
[2025-09-22T16:30:46.162Z] Checking environment configuration...
[2025-09-22T16:30:50.294Z] ERROR: Supabase CLI is not available. Please install Supabase CLI.
[2025-09-22T17:02:23.981Z] ==================================================
[2025-09-22T17:02:23.985Z] STARTING EMERGENCY MIGRATION ROLLBACK
[2025-09-22T17:02:23.985Z] ==================================================
[2025-09-22T17:02:23.986Z] Checking environment configuration...
[2025-09-22T17:02:34.986Z] Supabase CLI is available
[2025-09-22T17:02:37.831Z] ERROR: Supabase project is not linked or not accessible. Run "npx supabase link" first.
[2025-09-22T21:05:53.633Z] ==================================================
[2025-09-22T21:05:53.642Z] STARTING EMERGENCY MIGRATION ROLLBACK
[2025-09-22T21:05:53.643Z] ==================================================
[2025-09-22T21:05:53.647Z] Checking environment configuration...
[2025-09-22T21:06:03.146Z] Supabase CLI is available
[2025-09-22T21:06:12.607Z] ERROR: Supabase project is not linked or not accessible. Run "npx supabase link" first.
